# JRE version: OpenJDK Runtime Environment (8.0_342-b07) (build 1.8.0_342-b07)
# Java VM: OpenJDK 64-Bit Server VM (25.342-b07 mixed mode windows-amd64 compressed oops)
Heap:
 PSYoungGen      total 164864K, used 35246K [0x00000000e0900000, 0x00000000eb900000, 0x0000000100000000)
  eden space 149504K, 23% used [0x00000000e0900000,0x00000000e2b6b8f0,0x00000000e9b00000)
  from space 15360K, 0% used [0x00000000e9b00000,0x00000000e9b00000,0x00000000eaa00000)
  to   space 12800K, 0% used [0x00000000eac00000,0x00000000eac00000,0x00000000eb880000)
 ParOldGen       total 89088K, used 21102K [0x00000000a1a00000, 0x00000000a7100000, 0x00000000e0900000)
  object space 89088K, 23% used [0x00000000a1a00000,0x00000000a2e9bbc0,0x00000000a7100000)
 Metaspace       used 56201K, capacity 60176K, committed 60312K, reserved 1101824K
  class space    used 7878K, capacity 8581K, committed 8600K, reserved 1048576K
GC Heap History (10 events):
Event: 7.354 GC heap before
{Heap before GC invocations=10 (full 2):
 PSYoungGen      total 130560K, used 9206K [0x00000000e0900000, 0x00000000eaf00000, 0x0000000100000000)
  eden space 121344K, 0% used [0x00000000e0900000,0x00000000e0900000,0x00000000e7f80000)
  from space 9216K, 99% used [0x00000000e8a00000,0x00000000e92fdaf8,0x00000000e9300000)
  to   space 10752K, 0% used [0x00000000e7f80000,0x00000000e7f80000,0x00000000e8a00000)
 ParOldGen       total 47104K, used 9008K [0x00000000a1a00000, 0x00000000a4800000, 0x00000000e0900000)
  object space 47104K, 19% used [0x00000000a1a00000,0x00000000a22cc290,0x00000000a4800000)
 Metaspace       used 32990K, capacity 35400K, committed 35496K, reserved 1079296K
  class space    used 4455K, capacity 4903K, committed 4912K, reserved 1048576K
Event: 7.443 GC heap after
Heap after GC invocations=10 (full 2):
 PSYoungGen      total 130560K, used 0K [0x00000000e0900000, 0x00000000eaf00000, 0x0000000100000000)
  eden space 121344K, 0% used [0x00000000e0900000,0x00000000e0900000,0x00000000e7f80000)
  from space 9216K, 0% used [0x00000000e8a00000,0x00000000e8a00000,0x00000000e9300000)
  to   space 10752K, 0% used [0x00000000e7f80000,0x00000000e7f80000,0x00000000e8a00000)
 ParOldGen       total 70656K, used 14469K [0x00000000a1a00000, 0x00000000a5f00000, 0x00000000e0900000)
  object space 70656K, 20% used [0x00000000a1a00000,0x00000000a28214c0,0x00000000a5f00000)
 Metaspace       used 32990K, capacity 35400K, committed 35496K, reserved 1079296K
  class space    used 4455K, capacity 4903K, committed 4912K, reserved 1048576K
}
Event: 10.983 GC heap before
{Heap before GC invocations=11 (full 2):
 PSYoungGen      total 130560K, used 121344K [0x00000000e0900000, 0x00000000eaf00000, 0x0000000100000000)
  eden space 121344K, 100% used [0x00000000e0900000,0x00000000e7f80000,0x00000000e7f80000)
  from space 9216K, 0% used [0x00000000e8a00000,0x00000000e8a00000,0x00000000e9300000)
  to   space 10752K, 0% used [0x00000000e7f80000,0x00000000e7f80000,0x00000000e8a00000)
 ParOldGen       total 70656K, used 14469K [0x00000000a1a00000, 0x00000000a5f00000, 0x00000000e0900000)
  object space 70656K, 20% used [0x00000000a1a00000,0x00000000a28214c0,0x00000000a5f00000)
 Metaspace       used 47159K, capacity 49982K, committed 50352K, reserved 1093632K
  class space    used 6474K, capacity 7018K, committed 7088K, reserved 1048576K
Event: 10.998 GC heap after
Heap after GC invocations=11 (full 2):
 PSYoungGen      total 132096K, used 10723K [0x00000000e0900000, 0x00000000eb880000, 0x0000000100000000)
  eden space 121344K, 0% used [0x00000000e0900000,0x00000000e0900000,0x00000000e7f80000)
  from space 10752K, 99% used [0x00000000e7f80000,0x00000000e89f8dc0,0x00000000e8a00000)
  to   space 12800K, 0% used [0x00000000eac00000,0x00000000eac00000,0x00000000eb880000)
 ParOldGen       total 70656K, used 16654K [0x00000000a1a00000, 0x00000000a5f00000, 0x00000000e0900000)
  object space 70656K, 23% used [0x00000000a1a00000,0x00000000a2a43ab8,0x00000000a5f00000)
 Metaspace       used 47159K, capacity 49982K, committed 50352K, reserved 1093632K
  class space    used 6474K, capacity 7018K, committed 7088K, reserved 1048576K
}
Event: 28.453 GC heap before
{Heap before GC invocations=12 (full 2):
 PSYoungGen      total 132096K, used 132067K [0x00000000e0900000, 0x00000000eb880000, 0x0000000100000000)
  eden space 121344K, 100% used [0x00000000e0900000,0x00000000e7f80000,0x00000000e7f80000)
  from space 10752K, 99% used [0x00000000e7f80000,0x00000000e89f8dc0,0x00000000e8a00000)
  to   space 12800K, 0% used [0x00000000eac00000,0x00000000eac00000,0x00000000eb880000)
 ParOldGen       total 70656K, used 16654K [0x00000000a1a00000, 0x00000000a5f00000, 0x00000000e0900000)
  object space 70656K, 23% used [0x00000000a1a00000,0x00000000a2a43ab8,0x00000000a5f00000)
 Metaspace       used 54579K, capacity 58362K, committed 58544K, reserved 1099776K
  class space    used 7627K, capacity 8278K, committed 8368K, reserved 1048576K
Event: 28.476 GC heap after
Heap after GC invocations=12 (full 2):
 PSYoungGen      total 162304K, used 12770K [0x00000000e0900000, 0x00000000eb900000, 0x0000000100000000)
  eden space 149504K, 0% used [0x00000000e0900000,0x00000000e0900000,0x00000000e9b00000)
  from space 12800K, 99% used [0x00000000eac00000,0x00000000eb878a70,0x00000000eb880000)
  to   space 15360K, 0% used [0x00000000e9b00000,0x00000000e9b00000,0x00000000eaa00000)
 ParOldGen       total 70656K, used 18788K [0x00000000a1a00000, 0x00000000a5f00000, 0x00000000e0900000)
  object space 70656K, 26% used [0x00000000a1a00000,0x00000000a2c59300,0x00000000a5f00000)
 Metaspace       used 54579K, capacity 58362K, committed 58544K, reserved 1099776K
  class space    used 7627K, capacity 8278K, committed 8368K, reserved 1048576K
}
Event: 28.798 GC heap before
{Heap before GC invocations=13 (full 2):
 PSYoungGen      total 162304K, used 34473K [0x00000000e0900000, 0x00000000eb900000, 0x0000000100000000)
  eden space 149504K, 14% used [0x00000000e0900000,0x00000000e1e31c00,0x00000000e9b00000)
  from space 12800K, 99% used [0x00000000eac00000,0x00000000eb878a70,0x00000000eb880000)
  to   space 15360K, 0% used [0x00000000e9b00000,0x00000000e9b00000,0x00000000eaa00000)
 ParOldGen       total 70656K, used 18788K [0x00000000a1a00000, 0x00000000a5f00000, 0x00000000e0900000)
  object space 70656K, 26% used [0x00000000a1a00000,0x00000000a2c59300,0x00000000a5f00000)
 Metaspace       used 55287K, capacity 59092K, committed 59160K, reserved 1099776K
  class space    used 7722K, capacity 8411K, committed 8472K, reserved 1048576K
Event: 28.853 GC heap after
Heap after GC invocations=13 (full 2):
 PSYoungGen      total 164864K, used 1834K [0x00000000e0900000, 0x00000000eb900000, 0x0000000100000000)
  eden space 149504K, 0% used [0x00000000e0900000,0x00000000e0900000,0x00000000e9b00000)
  from space 15360K, 11% used [0x00000000e9b00000,0x00000000e9cca8d8,0x00000000eaa00000)
  to   space 12800K, 0% used [0x00000000eac00000,0x00000000eac00000,0x00000000eb880000)
 ParOldGen       total 70656K, used 28108K [0x00000000a1a00000, 0x00000000a5f00000, 0x00000000e0900000)
  object space 70656K, 39% used [0x00000000a1a00000,0x00000000a3573008,0x00000000a5f00000)
 Metaspace       used 55287K, capacity 59092K, committed 59160K, reserved 1099776K
  class space    used 7722K, capacity 8411K, committed 8472K, reserved 1048576K
}
Event: 28.853 GC heap before
{Heap before GC invocations=14 (full 3):
 PSYoungGen      total 164864K, used 1834K [0x00000000e0900000, 0x00000000eb900000, 0x0000000100000000)
  eden space 149504K, 0% used [0x00000000e0900000,0x00000000e0900000,0x00000000e9b00000)
  from space 15360K, 11% used [0x00000000e9b00000,0x00000000e9cca8d8,0x00000000eaa00000)
  to   space 12800K, 0% used [0x00000000eac00000,0x00000000eac00000,0x00000000eb880000)
 ParOldGen       total 70656K, used 28108K [0x00000000a1a00000, 0x00000000a5f00000, 0x00000000e0900000)
  object space 70656K, 39% used [0x00000000a1a00000,0x00000000a3573008,0x00000000a5f00000)
 Metaspace       used 55287K, capacity 59092K, committed 59160K, reserved 1099776K
  class space    used 7722K, capacity 8411K, committed 8472K, reserved 1048576K
Event: 29.082 GC heap after
Heap after GC invocations=14 (full 3):
 PSYoungGen      total 164864K, used 0K [0x00000000e0900000, 0x00000000eb900000, 0x0000000100000000)
  eden space 149504K, 0% used [0x00000000e0900000,0x00000000e0900000,0x00000000e9b00000)
  from space 15360K, 0% used [0x00000000e9b00000,0x00000000e9b00000,0x00000000eaa00000)
  to   space 12800K, 0% used [0x00000000eac00000,0x00000000eac00000,0x00000000eb880000)
 ParOldGen       total 89088K, used 21102K [0x00000000a1a00000, 0x00000000a7100000, 0x00000000e0900000)
  object space 89088K, 23% used [0x00000000a1a00000,0x00000000a2e9bbc0,0x00000000a7100000)
 Metaspace       used 55287K, capacity 59092K, committed 59160K, reserved 1099776K
  class space    used 7722K, capacity 8411K, committed 8472K, reserved 1048576K
}

